
--- Job GET_12.gms Start 10/13/25 11:11:40 44.4.0 06604687 WEX-WEI x86 64bit/MS Windows
--- Applying:
    C:\GAMS\44\gmsprmNT.txt
--- GAMS Parameters defined
    Input "D:\Articles\HyTruck article\GET v12\GETv12 base\GET_12.gms"
    PageSize 0
    ScrDir "D:\Articles\HyTruck article\GET v12\GETv12 base\225b\"
    SysDir C:\GAMS\44\
    LogOption 3
    ErrMsg 1
    ErrorLog 99
    IDE 1
    LstTitleLeftAligned 1
Licensee: Small MUD - 5 User License                     S230324|0002AO-GEN
          Chalmers University of Technology, Department of MechanicsDC14965
          C:\GAMS\44\gamslice.txt
          License Admin: Selma Brynolf, selma.brynolf@chalmers.se          
Processor information: 1 socket(s), 8 core(s), and 16 thread(s) available
GAMS 44.4.0   Copyright (C) 1987-2023 GAMS Development. All rights reserved
--- Starting compilation
--- GET_12.gms(26) 2 Mb
--- . sets.gms(202) 3 Mb
--- GET_12.gms(28) 3 Mb
--- . params.gms(679) 3 Mb
--- .. indata.gms(6) 3 Mb
--- call GDXXRW.EXE input_SSP2_26.xls @import_SSPdata.txt

GDXXRW           44.4.0 06604687 Sep 19, 2023          WEI x86 64bit/MS Window
Input file : D:\Articles\HyTruck article\GET v12\GETv12 base\input_SSP2_26.xls
Output file: D:\Articles\HyTruck article\GET v12\GETv12 base\input_SSP2_26.gdx
Total time = 954 Ms
--- .. indata.gms(28) 3 Mb
--- GDXin=D:\Articles\HyTruck article\GET v12\GETv12 base\input_SSP2_26.gdx
--- GDX File ($gdxIn) D:\Articles\HyTruck article\GET v12\GETv12 base\input_SSP2_26.gdx
--- .. indata.gms(67) 3 Mb
--- call GDXXRW.EXE tech-data.xls @import.txt

GDXXRW           44.4.0 06604687 Sep 19, 2023          WEI x86 64bit/MS Window
Input file : D:\Articles\HyTruck article\GET v12\GETv12 base\tech-data.xls
Output file: D:\Articles\HyTruck article\GET v12\GETv12 base\tech-data.gdx
Total time = 843 Ms
--- .. indata.gms(81) 3 Mb
--- GDXin=D:\Articles\HyTruck article\GET v12\GETv12 base\tech-data.gdx
--- GDX File ($gdxIn) D:\Articles\HyTruck article\GET v12\GETv12 base\tech-data.gdx
--- .. indata.gms(102) 3 Mb
--- call GDXXRW.EXE GISoutput.xlsx @importGIS.txt

GDXXRW           44.4.0 06604687 Sep 19, 2023          WEI x86 64bit/MS Window
Input file : D:\Articles\HyTruck article\GET v12\GETv12 base\GISoutput.xlsx
Output file: D:\Articles\HyTruck article\GET v12\GETv12 base\GISoutput.gdx

--- .. indata.gms(126) 3 Mb
--- GDXin=D:\Articles\HyTruck article\GET v12\GETv12 base\GISoutput.gdx
--- GDX File ($gdxIn) D:\Articles\HyTruck article\GET v12\GETv12 base\GISoutput.gdx
--- .. indata.gms(210) 4 Mb
--- . params.gms(833) 4 Mb
--- GET_12.gms(32) 4 Mb
--- . declare.gms(223) 4 Mb
--- GET_12.gms(474) 4 Mb
--- . c_mod.gms(134) 4 Mb
--- GET_12.gms(607) 4 Mb
--- . constraints.gms(216) 4 Mb
--- GET_12.gms(629) 4 Mb
--- . output1.gms(278) 4 Mb
--- GET_12.gms(631) 4 Mb
--- Starting execution: elapsed 0:00:03.247
--- GET_12.gms(2440) 213 Mb
--- Generating LP model GET_12
--- GET_12.gms(2441) 2875 Mb  7 secs
---   10,348,354 rows  9,938,530 columns  23,198,558 non-zeroes
--- Range statistics (absolute non-zero finite values)
--- RHS       [min, max] : [ 1.000E-05, 5.897E+05] - Zero values observed as well
--- Bound     [min, max] : [ 1.000E-04, 6.000E+05] - Zero values observed as well
--- Matrix    [min, max] : [ 8.587E-07, 7.520E+07]
--- Executing CPLEX (Solvelink=2): elapsed 0:00:24.497
--- Warning: SolveOpt is set to REPLACE (0).
---          Empty equations are not passed to the solver
---          and will be cleared when reading the solution.

IBM ILOG CPLEX   44.4.0 06604687 Sep 19, 2023          WEI x86 64bit/MS Window

--- GAMS/CPLEX licensed for continuous and discrete problems.

Reading parameter(s) from "D:\Articles\HyTruck article\GET v12\GETv12 base\cplex.opt"
>>  lpmethod 4
>>  threads 4
>>  solutiontype 2
>> 
>>  epopt 1e-9
>>  eprhs 1e-9
>>  scaind 1
>>  parallelmode -1
>>  EpMrk 0.9
>>  NumericalEmphasis 1
>>  *dpriind 4
>>  *ppriind 1
>> 
>>  aggind 10
>>  *aggind 10 caused unscaled infeasibilities at higher number of slices (previously)
>>  *aggfill 7
>>  *barcrossalg 2
>> 
>>  *advind 0
>> 
>>  *baralg 2
>>  *barcrossalg 2
>>  *memoryemphasis 1
>> 
>>  *feasopt 0
>>  *feasoptmode 1
>> 
>>  *equation.feaspref 0
>>  *variable.feaspref 0
>> 
>>  *capital_Q.feaspref 0
>>  *capital_lim_Q.feaspref 0
>>  *supply_1_Q.feaspref 0
>>  *supply_2_Q.feaspref 0
>> 
>>  *supply_loop_Q.feaspref 0
Finished reading from "D:\Articles\HyTruck article\GET v12\GETv12 base\cplex.opt"

--- GMO setup time: 0.00s
--- Space for names approximately 911.79 Mb
--- Use option 'names no' to turn use of names off
--- GMO memory 3382.59 Mb (peak 3458.41 Mb)
--- Dictionary memory 0.00 Mb
--- Cplex 22.1.1.0 link memory 307.99 Mb (peak 1684.69 Mb)
--- Starting Cplex

Version identifier: 22.1.1.0 | 2022-11-27 | 9160aff4d
CPXPARAM_Advance                                 0
CPXPARAM_Preprocessing_Aggregator                10
CPXPARAM_Read_Scale                              1
CPXPARAM_LPMethod                                4
CPXPARAM_Threads                                 4
CPXPARAM_Emphasis_Numerical                      1
CPXPARAM_Parallel                                -1
CPXPARAM_SolutionType                            2
CPXPARAM_MIP_Display                             4
CPXPARAM_MIP_Pool_Capacity                       0
CPXPARAM_Barrier_Limits_Iteration                999999999
CPXPARAM_Simplex_Tolerances_Markowitz            0.90000000000000002
CPXPARAM_Simplex_Tolerances_Optimality           1.0000000000000001e-09
CPXPARAM_Simplex_Tolerances_Feasibility          1.0000000000000001e-09
CPXPARAM_TimeLimit                               999999999
CPXPARAM_MIP_Tolerances_AbsMIPGap                0
Aggregator has done 150285 substitutions...
Tried aggregator 8 times.
LP Presolve eliminated 9263670 rows and 9311510 columns.
Aggregator did 150285 substitutions.
Reduced LP has 934398 rows, 478184 columns, and 2835528 nonzeros.
Presolve time = 10.48 sec. (14293.77 ticks)
Parallel mode: using up to 4 threads for barrier.

***NOTE: Found 433 dense columns.

Number of nonzeros in lower triangle of A*A' = 22779975
Using Approximate Minimum Degree ordering
Total time for automatic ordering = 5.56 sec. (9046.23 ticks)
Summary statistics for Cholesky factor:
  Threads                   = 4
  Rows in Factor            = 934831
  Integer space required    = 4911138
  Total non-zeros in factor = 83259490
  Total FP ops to factor    = 28140604812
 Itn      Primal Obj        Dual Obj  Prim Inf Upper Inf  Dual Inf Inf Ratio
   0   5.3525014e+11  -8.3361297e+10  1.41e+07  2.39e+05  2.51e+11  1.00e+00
   1   5.1886962e+11  -7.8747231e+10  1.37e+07  2.32e+05  2.34e+11  9.32e-06
   2   4.8366567e+11  -7.1507596e+10  1.28e+07  2.17e+05  2.07e+11  3.83e-06
   3   4.3776055e+11  -6.4746790e+10  1.16e+07  1.97e+05  1.81e+11  2.57e-06
   4   3.8932103e+11  -5.8304909e+10  1.04e+07  1.76e+05  1.57e+11  2.03e-06
   5   3.6725362e+11  -5.2364128e+10  9.80e+06  1.67e+05  1.34e+11  1.80e-06
   6   2.9291052e+11  -4.5401550e+10  7.91e+06  1.34e+05  1.07e+11  1.59e-06
   7   2.2860630e+11  -3.8581087e+10  6.27e+06  1.07e+05  8.02e+10  1.55e-06
   8   1.6853781e+11  -3.3264694e+10  4.74e+06  8.06e+04  6.02e+10  1.62e-06
   9   1.2827974e+11  -2.9180224e+10  3.70e+06  6.30e+04  4.61e+10  1.78e-06
  10   1.0478425e+11  -2.6085479e+10  3.09e+06  5.26e+04  3.69e+10  2.00e-06
  11   7.4909619e+10  -2.3039497e+10  2.30e+06  3.91e+04  2.90e+10  2.30e-06
  12   5.8793909e+10  -1.8847184e+10  1.86e+06  3.16e+04  2.03e+10  2.90e-06
  13   4.1769816e+10  -1.5426715e+10  1.38e+06  2.34e+04  1.44e+10  3.69e-06
  14   3.2670665e+10  -1.2628054e+10  1.11e+06  1.89e+04  1.05e+10  4.67e-06
  15   2.7983218e+10  -1.0962781e+10  9.72e+05  1.65e+04  8.18e+09  5.69e-06
  16   2.2720046e+10  -9.4462408e+09  8.10e+05  1.38e+04  6.51e+09  6.83e-06
  17   1.8101477e+10  -8.3927470e+09  6.64e+05  1.13e+04  5.47e+09  7.96e-06
  18   1.4166674e+10  -7.4195210e+09  5.36e+05  9.11e+03  4.60e+09  9.35e-06
  19   1.0935054e+10  -6.3775418e+09  4.27e+05  7.26e+03  3.75e+09  1.13e-05
  20   7.4806707e+09  -5.0115185e+09  3.08e+05  5.24e+03  2.70e+09  1.54e-05
  21   6.3455849e+09  -4.5654720e+09  2.68e+05  4.55e+03  2.39e+09  1.75e-05
  22   5.1080523e+09  -3.5051924e+09  2.22e+05  3.78e+03  1.69e+09  2.40e-05
  23   3.4589549e+09  -3.2816568e+09  1.60e+05  2.72e+03  1.55e+09  2.79e-05
  24   2.6452426e+09  -2.8064991e+09  1.27e+05  2.16e+03  1.28e+09  3.43e-05
  25   2.3988282e+09  -2.6007655e+09  1.17e+05  1.98e+03  1.18e+09  3.76e-05
  26   1.9957431e+09  -2.2492713e+09  9.93e+04  1.69e+03  9.95e+08  4.47e-05
  27   1.8431028e+09  -2.0661129e+09  9.26e+04  1.57e+03  9.03e+08  4.92e-05
  28   1.6852265e+09  -1.8381175e+09  8.57e+04  1.46e+03  7.89e+08  5.57e-05
  29   1.2893208e+09  -1.6413580e+09  6.79e+04  1.15e+03  6.93e+08  6.60e-05
  30   1.1215100e+09  -1.5862159e+09  5.99e+04  1.02e+03  6.68e+08  7.04e-05
  31   1.0356654e+09  -1.4630533e+09  5.57e+04  9.47e+02  6.12e+08  7.68e-05
  32   1.0050169e+09  -1.3229494e+09  5.42e+04  9.22e+02  5.48e+08  8.41e-05
  33   7.8192777e+08  -1.1366681e+09  4.33e+04  7.37e+02  4.64e+08  1.02e-04
  34   6.2014124e+08  -1.0666164e+09  3.53e+04  6.01e+02  4.33e+08  1.14e-04
  35   5.2707248e+08  -9.7456631e+08  3.06e+04  5.20e+02  3.93e+08  1.28e-04
  36   4.2025545e+08  -8.7807979e+08  2.50e+04  4.25e+02  3.52e+08  1.48e-04
  37   3.4482234e+08  -7.1434254e+08  2.09e+04  3.56e+02  2.83e+08  1.86e-04
  38   3.1252888e+08  -6.4991062e+08  1.91e+04  3.26e+02  2.56e+08  2.07e-04
  39   2.7984194e+08  -4.9932535e+08  1.73e+04  2.95e+02  1.94e+08  2.71e-04
  40   2.3827521e+08  -3.9665094e+08  1.50e+04  2.55e+02  1.51e+08  3.49e-04
  41   2.1192182e+08  -3.4498856e+08  1.35e+04  2.30e+02  1.30e+08  4.09e-04
  42   1.6691456e+08  -2.9030977e+08  1.10e+04  1.86e+02  1.08e+08  5.08e-04
  43   1.4210080e+08  -2.5864315e+08  9.51e+03  1.62e+02  9.51e+07  5.87e-04
  44   1.2556628e+08  -1.8678410e+08  8.51e+03  1.45e+02  6.69e+07  8.39e-04
  45   1.1103991e+08  -1.6776116e+08  7.64e+03  1.30e+02  5.95e+07  9.57e-04
  46   8.5438634e+07  -1.4193094e+08  6.07e+03  1.03e+02  4.95e+07  1.19e-03
  47   7.2015103e+07  -1.2160210e+08  5.21e+03  8.86e+01  4.19e+07  1.43e-03
  48   6.2732570e+07  -1.0499514e+08  4.61e+03  7.84e+01  3.58e+07  1.71e-03
  49   5.1434849e+07  -9.2414108e+07  3.86e+03  6.57e+01  3.12e+07  2.01e-03
  50   4.0125494e+07  -6.8917438e+07  3.09e+03  5.26e+01  2.28e+07  2.87e-03
  51   3.5418862e+07  -6.3355232e+07  2.77e+03  4.70e+01  2.08e+07  3.19e-03
  52   3.5015290e+07  -6.1388170e+07  2.74e+03  4.65e+01  2.01e+07  3.31e-03
  53   2.9571237e+07  -5.3907949e+07  2.35e+03  4.00e+01  1.75e+07  3.89e-03
  54   2.7366838e+07  -5.2173011e+07  2.19e+03  3.72e+01  1.69e+07  4.07e-03
  55   2.5191350e+07  -4.6291757e+07  2.03e+03  3.45e+01  1.49e+07  4.68e-03
  56   2.2294842e+07  -3.4848938e+07  1.82e+03  3.09e+01  1.10e+07  6.53e-03
  57   1.8584198e+07  -2.6821359e+07  1.55e+03  2.63e+01  8.28e+06  9.05e-03
  58   1.5684159e+07  -2.4114733e+07  1.33e+03  2.26e+01  7.38e+06  1.04e-02
  59   1.0235166e+07  -1.7879803e+07  9.08e+02  1.54e+01  5.34e+06  1.54e-02
  60   8.9664912e+06  -1.3034616e+07  8.02e+02  1.36e+01  3.84e+06  2.21e-02
  61   7.7392497e+06  -1.0288943e+07  6.99e+02  1.19e+01  3.00e+06  2.91e-02
  62   7.3234792e+06  -9.0083920e+06  6.63e+02  1.13e+01  2.61e+06  3.38e-02
  63   6.8323097e+06  -8.7980184e+06  6.22e+02  1.06e+01  2.54e+06  3.49e-02
  64   5.4759160e+06  -7.5602951e+06  5.06e+02  8.60e+00  2.16e+06  4.22e-02
  65   4.7231238e+06  -6.1872521e+06  4.39e+02  7.46e+00  1.76e+06  5.32e-02
  66   4.3605984e+06  -5.9599828e+06  4.06e+02  6.91e+00  1.69e+06  5.58e-02
  67   3.8495194e+06  -4.6547521e+06  3.60e+02  6.11e+00  1.32e+06  7.35e-02
  68   3.4994830e+06  -4.1674167e+06  3.27e+02  5.57e+00  1.18e+06  8.32e-02
  69   3.2456066e+06  -2.9657039e+06  3.04e+02  5.16e+00  8.36e+05  1.20e-01
  70   2.7894716e+06  -2.3843684e+06  2.62e+02  4.45e+00  6.69e+05  1.53e-01
  71   2.5327759e+06  -1.7801969e+06  2.38e+02  4.04e+00  4.99e+05  2.08e-01
  72   2.4784603e+06  -1.5352698e+06  2.33e+02  3.96e+00  4.30e+05  2.41e-01
  73   2.0747140e+06  -1.1755869e+06  1.95e+02  3.32e+00  3.27e+05  3.19e-01
  74   1.9043441e+06  -9.4954391e+05  1.79e+02  3.04e+00  2.65e+05  3.94e-01
  75   1.8335592e+06  -8.8277098e+05  1.72e+02  2.93e+00  2.47e+05  4.23e-01
  76   1.5953503e+06  -7.7052997e+05  1.49e+02  2.54e+00  2.17e+05  4.82e-01
  77   1.4256252e+06  -7.1216985e+05  1.33e+02  2.26e+00  2.02e+05  5.20e-01
  78   1.3091718e+06  -6.7374522e+05  1.21e+02  2.06e+00  1.93e+05  5.48e-01
  79   1.2042523e+06  -5.3324067e+05  1.10e+02  1.88e+00  1.58e+05  6.67e-01
  80   1.1643109e+06  -4.4177285e+05  1.06e+02  1.81e+00  1.36e+05  7.75e-01
  81   1.1376251e+06  -4.1950299e+05  1.04e+02  1.76e+00  1.30e+05  8.08e-01
  82   1.1021892e+06  -3.8652158e+05  1.00e+02  1.70e+00  1.22e+05  8.62e-01
  83   1.0758014e+06  -3.5697790e+05  9.75e+01  1.66e+00  1.15e+05  9.15e-01
  84   1.0498900e+06  -3.4434380e+05  9.49e+01  1.61e+00  1.11e+05  9.41e-01
  85   1.0302135e+06  -3.2808507e+05  9.30e+01  1.58e+00  1.07e+05  9.75e-01
  86   1.0115526e+06  -3.0164225e+05  9.11e+01  1.55e+00  1.01e+05  1.04e+00
  87   9.7950565e+05  -2.8029306e+05  8.79e+01  1.49e+00  9.53e+04  1.09e+00
  88   9.5532415e+05  -2.6315586e+05  8.54e+01  1.45e+00  9.13e+04  1.14e+00
  89   9.2896803e+05  -2.4717518e+05  8.27e+01  1.41e+00  8.74e+04  1.19e+00
  90   9.0043828e+05  -2.2808609e+05  7.99e+01  1.36e+00  8.26e+04  1.25e+00
  91   8.7730795e+05  -2.2010822e+05  7.75e+01  1.32e+00  8.08e+04  1.28e+00
  92   8.6412762e+05  -2.0314975e+05  7.61e+01  1.29e+00  7.68e+04  1.34e+00
  93   8.0482333e+05  -1.7007396e+05  7.00e+01  1.19e+00  6.92e+04  1.48e+00
  94   7.6960050e+05  -1.4081709e+05  6.63e+01  1.13e+00  6.25e+04  1.63e+00
  95   7.3396884e+05  -1.2938773e+05  6.26e+01  1.06e+00  5.99e+04  1.70e+00
  96   7.0800415e+05  -1.1125746e+05  5.98e+01  1.02e+00  5.59e+04  1.82e+00
  97   6.7550646e+05  -9.3157077e+04  5.64e+01  9.60e-01  5.18e+04  1.95e+00
  98   6.5328140e+05  -7.4827023e+04  5.41e+01  9.20e-01  4.77e+04  2.11e+00
  99   6.2932828e+05  -5.1046749e+04  5.16e+01  8.77e-01  4.24e+04  2.35e+00
 100   6.1291524e+05  -4.2307992e+04  4.99e+01  8.48e-01  4.04e+04  2.46e+00
 101   6.0363603e+05  -3.5799722e+04  4.89e+01  8.31e-01  3.90e+04  2.54e+00
 102   5.7948537e+05  -2.4290264e+04  4.63e+01  7.88e-01  3.64e+04  2.70e+00
 103   5.6787914e+05  -1.3399443e+04  4.51e+01  7.67e-01  3.40e+04  2.87e+00
 104   5.5688715e+05  -3.2950523e+03  4.39e+01  7.47e-01  3.19e+04  3.05e+00
 105   5.5313662e+05   3.3634257e+03  4.35e+01  7.40e-01  3.03e+04  3.19e+00
 106   5.4484629e+05   1.5088751e+04  4.27e+01  7.25e-01  2.78e+04  3.44e+00
 107   5.3271495e+05   2.3325621e+04  4.14e+01  7.03e-01  2.60e+04  3.64e+00
 108   5.2946912e+05   2.8004795e+04  4.10e+01  6.98e-01  2.49e+04  3.78e+00
 109   5.1133309e+05   3.3622751e+04  3.91e+01  6.64e-01  2.38e+04  3.93e+00
 110   5.0635874e+05   3.7439156e+04  3.85e+01  6.55e-01  2.30e+04  4.05e+00
 111   5.0234138e+05   3.9475428e+04  3.81e+01  6.48e-01  2.26e+04  4.12e+00
 112   4.9029297e+05   4.9044704e+04  3.68e+01  6.26e-01  2.06e+04  4.45e+00
 113   4.8645743e+05   5.0031639e+04  3.64e+01  6.19e-01  2.04e+04  4.49e+00
 114   4.7484562e+05   5.1772909e+04  3.51e+01  5.98e-01  2.00e+04  4.56e+00
 115   4.7031347e+05   5.2665494e+04  3.46e+01  5.89e-01  1.98e+04  4.60e+00
 116   4.5426806e+05   5.8937822e+04  3.29e+01  5.59e-01  1.86e+04  4.85e+00
 117   4.5307166e+05   6.0374026e+04  3.27e+01  5.57e-01  1.84e+04  4.91e+00
 118   4.3559992e+05   7.4937693e+04  3.08e+01  5.24e-01  1.56e+04  5.62e+00
 119   4.3013859e+05   7.6977108e+04  3.02e+01  5.14e-01  1.52e+04  5.75e+00
 120   4.2673695e+05   7.7745802e+04  2.98e+01  5.07e-01  1.51e+04  5.80e+00
 121   4.1387444e+05   8.3083928e+04  2.84e+01  4.83e-01  1.41e+04  6.14e+00
 122   4.0672151e+05   8.5706774e+04  2.76e+01  4.69e-01  1.36e+04  6.33e+00
 123   3.9246845e+05   8.8282136e+04  2.60e+01  4.42e-01  1.31e+04  6.52e+00
 124   3.8816351e+05   9.2166945e+04  2.55e+01  4.34e-01  1.24e+04  6.84e+00
 125   3.7809305e+05   9.8421214e+04  2.44e+01  4.15e-01  1.13e+04  7.40e+00
 126   3.7348796e+05   1.0532751e+05  2.39e+01  4.06e-01  9.92e+03  8.19e+00
 127   3.6717761e+05   1.1100420e+05  2.32e+01  3.94e-01  8.88e+03  8.94e+00
 128   3.6415623e+05   1.1549390e+05  2.29e+01  3.89e-01  8.01e+03  9.68e+00
 129   3.5062652e+05   1.1861393e+05  2.14e+01  3.63e-01  7.43e+03  1.02e+01
 130   3.4476235e+05   1.1922153e+05  2.07e+01  3.52e-01  7.33e+03  1.03e+01
 131   3.3889946e+05   1.2172053e+05  2.00e+01  3.41e-01  6.89e+03  1.08e+01
 132   3.2547518e+05   1.2489915e+05  1.85e+01  3.15e-01  6.33e+03  1.16e+01
 133   3.1995244e+05   1.2575829e+05  1.79e+01  3.04e-01  6.19e+03  1.18e+01
 134   3.1152447e+05   1.2909451e+05  1.69e+01  2.88e-01  5.65e+03  1.26e+01
 135   3.0820699e+05   1.3021916e+05  1.65e+01  2.81e-01  5.48e+03  1.29e+01
 136   3.0140761e+05   1.3206116e+05  1.57e+01  2.68e-01  5.20e+03  1.35e+01
 137   2.9513622e+05   1.3512221e+05  1.50e+01  2.55e-01  4.76e+03  1.44e+01
 138   2.8728681e+05   1.3642068e+05  1.41e+01  2.39e-01  4.57e+03  1.49e+01
 139   2.8394866e+05   1.3784085e+05  1.37e+01  2.33e-01  4.36e+03  1.55e+01
 140   2.7995527e+05   1.3883910e+05  1.32e+01  2.25e-01  4.22e+03  1.59e+01
 141   2.7572485e+05   1.3994048e+05  1.27e+01  2.16e-01  4.07e+03  1.64e+01
 142   2.7149684e+05   1.4103467e+05  1.22e+01  2.07e-01  3.93e+03  1.68e+01
 143   2.6920845e+05   1.4130376e+05  1.19e+01  2.03e-01  3.89e+03  1.70e+01
 144   2.6606450e+05   1.4323898e+05  1.15e+01  1.96e-01  3.62e+03  1.80e+01
 145   2.6442759e+05   1.4461852e+05  1.13e+01  1.93e-01  3.43e+03  1.88e+01
 146   2.5957145e+05   1.4702471e+05  1.08e+01  1.83e-01  3.10e+03  2.03e+01
 147   2.5596827e+05   1.4892795e+05  1.03e+01  1.76e-01  2.84e+03  2.18e+01
 148   2.5464518e+05   1.4901437e+05  1.02e+01  1.73e-01  2.83e+03  2.18e+01
 149   2.5172835e+05   1.5048169e+05  9.81e+00  1.67e-01  2.64e+03  2.30e+01
 150   2.5063695e+05   1.5131515e+05  9.68e+00  1.65e-01  2.53e+03  2.38e+01
 151   2.4833905e+05   1.5324934e+05  9.40e+00  1.60e-01  2.27e+03  2.59e+01
 152   2.4617584e+05   1.5398344e+05  9.14e+00  1.55e-01  2.17e+03  2.68e+01
 153   2.4368991e+05   1.5522955e+05  8.84e+00  1.50e-01  2.01e+03  2.84e+01
 154   2.4088696e+05   1.5579235e+05  8.50e+00  1.45e-01  1.93e+03  2.92e+01
 155   2.3499161e+05   1.5664842e+05  7.79e+00  1.32e-01  1.82e+03  3.05e+01
 156   2.3413463e+05   1.5801009e+05  7.68e+00  1.31e-01  1.65e+03  3.28e+01
 157   2.2994345e+05   1.5964267e+05  7.17e+00  1.22e-01  1.45e+03  3.62e+01
 158   2.2637367e+05   1.6053296e+05  6.73e+00  1.14e-01  1.34e+03  3.83e+01
 159   2.2488407e+05   1.6163993e+05  6.55e+00  1.11e-01  1.21e+03  4.13e+01
 160   2.2105456e+05   1.6237902e+05  6.08e+00  1.03e-01  1.11e+03  4.37e+01
 161   2.1905791e+05   1.6278039e+05  5.84e+00  9.93e-02  1.06e+03  4.53e+01
 162   2.1718713e+05   1.6334555e+05  5.61e+00  9.54e-02  9.91e+02  4.76e+01
 163   2.1652301e+05   1.6347380e+05  5.52e+00  9.39e-02  9.78e+02  4.81e+01
 164   2.1553520e+05   1.6396485e+05  5.40e+00  9.19e-02  9.17e+02  5.04e+01
 165   2.1515840e+05   1.6409400e+05  5.35e+00  9.10e-02  9.07e+02  5.08e+01
 166   2.1216887e+05   1.6543192e+05  4.98e+00  8.47e-02  7.55e+02  5.78e+01
 167   2.1157477e+05   1.6574107e+05  4.91e+00  8.34e-02  7.23e+02  5.96e+01
 168   2.0915663e+05   1.6626057e+05  4.60e+00  7.83e-02  6.65e+02  6.32e+01
 169   2.0777389e+05   1.6688879e+05  4.43e+00  7.54e-02  5.96e+02  6.81e+01
 170   2.0608464e+05   1.6759658e+05  4.22e+00  7.18e-02  5.17e+02  7.49e+01
 171   2.0525886e+05   1.6814901e+05  4.12e+00  7.00e-02  4.57e+02  8.11e+01
 172   2.0167716e+05   1.6851910e+05  3.67e+00  6.24e-02  4.17e+02  8.59e+01
 173   2.0062832e+05   1.6905254e+05  3.54e+00  6.01e-02  3.63e+02  9.42e+01
 174   1.9894211e+05   1.6936798e+05  3.32e+00  5.65e-02  3.31e+02  9.98e+01
 175   1.9681580e+05   1.6997817e+05  3.05e+00  5.19e-02  2.72e+02  1.13e+02
 176   1.9491482e+05   1.7034038e+05  2.81e+00  4.78e-02  2.39e+02  1.22e+02
 177   1.9231881e+05   1.7044127e+05  2.48e+00  4.21e-02  2.30e+02  1.25e+02
 178   1.9083635e+05   1.7100970e+05  2.28e+00  3.88e-02  1.86e+02  1.45e+02
 179   1.9001379e+05   1.7116735e+05  2.17e+00  3.69e-02  1.74e+02  1.51e+02
 180   1.8875309e+05   1.7147530e+05  2.01e+00  3.41e-02  1.53e+02  1.65e+02
 181   1.8862927e+05   1.7149132e+05  1.99e+00  3.38e-02  1.51e+02  1.66e+02
 182   1.8778931e+05   1.7157154e+05  1.88e+00  3.19e-02  1.46e+02  1.70e+02
 183   1.8665462e+05   1.7189509e+05  1.73e+00  2.93e-02  1.25e+02  1.89e+02
 184   1.8560274e+05   1.7202947e+05  1.58e+00  2.69e-02  1.16e+02  1.99e+02
 185   1.8450852e+05   1.7221242e+05  1.44e+00  2.44e-02  1.04e+02  2.14e+02
 186   1.8384678e+05   1.7240195e+05  1.35e+00  2.29e-02  9.28e+01  2.33e+02
 187   1.8333866e+05   1.7251278e+05  1.28e+00  2.17e-02  8.61e+01  2.46e+02
 188   1.8288080e+05   1.7253194e+05  1.21e+00  2.07e-02  8.50e+01  2.48e+02
 189   1.8235117e+05   1.7258045e+05  1.14e+00  1.94e-02  8.21e+01  2.55e+02
 190   1.8127600e+05   1.7277178e+05  9.96e-01  1.69e-02  7.10e+01  2.84e+02
 191   1.8070083e+05   1.7300251e+05  9.16e-01  1.56e-02  5.83e+01  3.30e+02
 192   1.8014071e+05   1.7320703e+05  8.39e-01  1.43e-02  4.74e+01  3.84e+02
 193   1.7945068e+05   1.7327716e+05  7.43e-01  1.26e-02  4.37e+01  4.07e+02
 194   1.7876169e+05   1.7335287e+05  6.46e-01  1.10e-02  4.00e+01  4.35e+02
 195   1.7858206e+05   1.7339530e+05  6.21e-01  1.06e-02  3.79e+01  4.53e+02
 196   1.7823004e+05   1.7347295e+05  5.71e-01  9.71e-03  3.43e+01  4.91e+02
 197   1.7761611e+05   1.7357647e+05  4.83e-01  8.22e-03  2.96e+01  5.51e+02
 198   1.7737979e+05   1.7364080e+05  4.49e-01  7.64e-03  2.67e+01  5.99e+02
 199   1.7714148e+05   1.7371679e+05  4.15e-01  7.06e-03  2.33e+01  6.69e+02
 200   1.7681522e+05   1.7378485e+05  3.69e-01  6.27e-03  2.03e+01  7.48e+02
 201   1.7666617e+05   1.7384762e+05  3.47e-01  5.90e-03  1.75e+01  8.43e+02
 202   1.7638127e+05   1.7388790e+05  3.07e-01  5.21e-03  1.57e+01  9.18e+02
 203   1.7619135e+05   1.7394882e+05  2.79e-01  4.75e-03  1.29e+01  1.07e+03
 204   1.7605263e+05   1.7396935e+05  2.60e-01  4.42e-03  1.19e+01  1.14e+03
 205   1.7590687e+05   1.7398973e+05  2.39e-01  4.07e-03  1.09e+01  1.22e+03
 206   1.7574274e+05   1.7402612e+05  2.16e-01  3.67e-03  9.28e+00  1.39e+03
 207   1.7565933e+05   1.7403040e+05  2.04e-01  3.47e-03  9.10e+00  1.41e+03
 208   1.7546641e+05   1.7404908e+05  1.76e-01  2.99e-03  8.29e+00  1.52e+03
 209   1.7539032e+05   1.7406877e+05  1.65e-01  2.81e-03  7.49e+00  1.65e+03
 210   1.7530633e+05   1.7407055e+05  1.53e-01  2.60e-03  7.42e+00  1.67e+03
 211   1.7518741e+05   1.7411639e+05  1.35e-01  2.30e-03  5.63e+00  2.11e+03
 212   1.7514166e+05   1.7412022e+05  1.29e-01  2.19e-03  5.47e+00  2.15e+03
 213   1.7506334e+05   1.7414433e+05  1.17e-01  1.99e-03  4.54e+00  2.51e+03
 214   1.7505476e+05   1.7414747e+05  1.16e-01  1.97e-03  4.41e+00  2.57e+03
 215   1.7503557e+05   1.7414909e+05  1.13e-01  1.93e-03  4.35e+00  2.60e+03
 216   1.7493971e+05   1.7417555e+05  9.93e-02  1.69e-03  3.31e+00  3.22e+03
 217   1.7486268e+05   1.7419152e+05  8.81e-02  1.50e-03  2.67e+00  3.79e+03
 218   1.7484923e+05   1.7419250e+05  8.61e-02  1.46e-03  2.63e+00  3.83e+03
 219   1.7480887e+05   1.7419650e+05  8.02e-02  1.36e-03  2.48e+00  4.01e+03
 220   1.7477691e+05   1.7419706e+05  7.55e-02  1.28e-03  2.46e+00  4.04e+03
 221   1.7473199e+05   1.7421032e+05  6.89e-02  1.17e-03  1.97e+00  4.80e+03
 222   1.7470236e+05   1.7421149e+05  6.45e-02  1.10e-03  1.93e+00  4.88e+03
 223   1.7460928e+05   1.7422364e+05  5.08e-02  8.63e-04  1.50e+00  5.92e+03
 224   1.7456817e+05   1.7423155e+05  4.46e-02  7.59e-04  1.23e+00  6.92e+03
 225   1.7455594e+05   1.7423592e+05  4.28e-02  7.28e-04  1.09e+00  7.63e+03
 226   1.7453532e+05   1.7424119e+05  3.97e-02  6.75e-04  9.17e-01  8.72e+03
 227   1.7450964e+05   1.7424541e+05  3.59e-02  6.10e-04  7.76e-01  9.87e+03
 228   1.7448324e+05   1.7424578e+05  3.20e-02  5.43e-04  7.64e-01  9.98e+03
 229   1.7444923e+05   1.7424992e+05  2.68e-02  4.56e-04  6.40e-01  1.15e+04
 230   1.7443344e+05   1.7425141e+05  2.44e-02  4.15e-04  5.98e-01  1.21e+04
 231   1.7441537e+05   1.7425476e+05  2.17e-02  3.68e-04  5.08e-01  1.39e+04
 232   1.7439633e+05   1.7425712e+05  1.88e-02  3.19e-04  4.44e-01  1.55e+04
 233   1.7438635e+05   1.7425819e+05  1.72e-02  2.93e-04  4.17e-01  1.63e+04
 234   1.7438069e+05   1.7426106e+05  1.64e-02  2.78e-04  3.44e-01  1.92e+04
 235   1.7436986e+05   1.7426245e+05  1.47e-02  2.50e-04  3.08e-01  2.10e+04
 236   1.7435163e+05   1.7426410e+05  1.19e-02  2.02e-04  2.66e-01  2.36e+04
 237   1.7434086e+05   1.7426743e+05  1.02e-02  1.73e-04  1.87e-01  3.19e+04
 238   1.7433659e+05   1.7426851e+05  9.54e-03  1.62e-04  1.60e-01  3.61e+04
 239   1.7432618e+05   1.7426923e+05  7.93e-03  1.35e-04  1.42e-01  3.96e+04
 240   1.7431949e+05   1.7426972e+05  6.89e-03  1.17e-04  1.30e-01  4.24e+04
 241   1.7431418e+05   1.7427044e+05  6.06e-03  1.03e-04  1.15e-01  4.73e+04
 242   1.7431223e+05   1.7427051e+05  5.75e-03  9.76e-05  1.13e-01  4.79e+04
 243   1.7430312e+05   1.7427215e+05  4.31e-03  7.32e-05  7.86e-02  6.54e+04
 244   1.7429946e+05   1.7427272e+05  3.73e-03  6.33e-05  6.71e-02  7.51e+04
 245   1.7429658e+05   1.7427284e+05  3.27e-03  5.55e-05  6.47e-02  7.76e+04
 246   1.7429366e+05   1.7427354e+05  2.80e-03  4.75e-05  5.14e-02  9.56e+04
 247   1.7429298e+05   1.7427358e+05  2.69e-03  4.56e-05  5.06e-02  9.69e+04
 248   1.7428913e+05   1.7427420e+05  2.07e-03  3.51e-05  3.90e-02  1.22e+05
 249   1.7428714e+05   1.7427436e+05  1.75e-03  2.97e-05  3.62e-02  1.31e+05
 250   1.7428508e+05   1.7427452e+05  1.41e-03  2.39e-05  3.33e-02  1.42e+05
 251   1.7428410e+05   1.7427475e+05  1.25e-03  2.12e-05  2.95e-02  1.60e+05
 252   1.7428267e+05   1.7427512e+05  1.02e-03  1.72e-05  2.32e-02  2.03e+05
 253   1.7428119e+05   1.7427546e+05  7.73e-04  1.31e-05  1.75e-02  2.69e+05
 254   1.7428083e+05   1.7427551e+05  7.13e-04  1.21e-05  1.67e-02  2.81e+05
 255   1.7427980e+05   1.7427578e+05  5.43e-04  9.20e-06  1.22e-02  3.85e+05
 256   1.7427922e+05   1.7427584e+05  4.49e-04  7.60e-06  1.11e-02  4.22e+05
 257   1.7427821e+05   1.7427605e+05  2.93e-04  4.76e-06  7.77e-03  6.07e+05
 258   1.7427784e+05   1.7427610e+05  2.29e-04  3.72e-06  6.98e-03  6.79e+05
 259   1.7427747e+05   1.7427616e+05  1.63e-04  2.65e-06  5.89e-03  8.14e+05
 260   1.7427705e+05   1.7427626e+05  9.00e-05  1.45e-06  4.43e-03  1.12e+06
 261   1.7427679e+05   1.7427644e+05  4.40e-05  7.11e-07  1.53e-03  4.31e+06
 262   1.7427664e+05   1.7427649e+05  2.03e-05  3.26e-07  4.76e-04  1.38e+07
 263   1.7427657e+05   1.7427650e+05  1.01e-05  1.61e-07  1.69e-04  3.19e+07
 264   1.7427652e+05   1.7427650e+05  3.17e-06  4.50e-08  4.52e-05  8.32e+07
 265   1.7427651e+05   1.7427651e+05  1.07e-06  1.15e-08  1.43e-05  3.45e+08
Barrier time = 381.81 sec. (610720.39 ticks)

Total time on 4 threads = 381.81 sec. (610720.39 ticks)

--- LP status (1): optimal.
--- Cplex Time: 381.83sec (det. 610750.00 ticks)


Optimal solution found
Objective:       174276.510756

--- Reading solution for model GET_12
***
*** Reading with solveopt=REPLACE (0)
***
--- GET_12.gms(2441) 2875 Mb  407 secs
--- Executing after solve: elapsed 0:07:07.078
--- GET_12.gms(2659) 2875 Mb
*** Error at line 2659: division by zero (0)
--- GET_12.gms(2677) 2875 Mb 1 Error
--- GDX File (execute_unload) D:\Articles\HyTruck article\GET v12\GETv12 base\results.gdx
--- GET_12.gms(2685) 2875 Mb

GDXXRW           44.4.0 06604687 Sep 19, 2023          WEI x86 64bit/MS Window
Input file : D:\Articles\HyTruck article\GET v12\GETv12 base\results.gdx
Output file: D:\Articles\HyTruck article\GET v12\GETv12 base\results.xlsx
Total time = 12547 Ms
--- GET_12.gms(2685) 2875 Mb 1 Error
*** Status: Execution error(s)
--- Job GET_12.gms Stop 10/13/25 11:19:01 elapsed 0:07:21.471
